
36 Scenarios (36 undefined)
331 Steps (331 undefined)
0m0.000s


You can implement missing steps with the snippets below:

@Given("^User is on Login Home page$")
public void user_is_on_Login_Home_page() throws Throwable {
    // Write code here that turns the phrase above into concrete actions
    throw new PendingException();
}

@Given("^User enters UserName and Password$")
public void user_enters_UserName_and_Password() throws Throwable {
    // Write code here that turns the phrase above into concrete actions
    throw new PendingException();
}

@Given("^Click on Login Now button$")
public void click_on_Login_Now_button() throws Throwable {
    // Write code here that turns the phrase above into concrete actions
    throw new PendingException();
}

@Then("^Validate the login page$")
public void validate_the_login_page() throws Throwable {
    // Write code here that turns the phrase above into concrete actions
    throw new PendingException();
}

@Given("^User is logged in and on Virtual Stocks Home page$")
public void user_is_logged_in_and_on_Virtual_Stocks_Home_page() throws Throwable {
    // Write code here that turns the phrase above into concrete actions
    throw new PendingException();
}

@When("^User clicks on Place Order link from left equity widget panel by default Cash Buy form gets open$")
public void user_clicks_on_Place_Order_link_from_left_equity_widget_panel_by_default_Cash_Buy_form_gets_open() throws Throwable {
    // Write code here that turns the phrase above into concrete actions
    throw new PendingException();
}

@Then("^Select \"([^\"]*)\"$")
public void select(String arg1) throws Throwable {
    // Write code here that turns the phrase above into concrete actions
    throw new PendingException();
}

@Then("^Enter \"([^\"]*)\" Name$")
public void enter_Name(String arg1) throws Throwable {
    // Write code here that turns the phrase above into concrete actions
    throw new PendingException();
}

@Then("^Enter \"([^\"]*)\" and select \"([^\"]*)\"$")
public void enter_and_select(String arg1, String arg2) throws Throwable {
    // Write code here that turns the phrase above into concrete actions
    throw new PendingException();
}

@Then("^If \"([^\"]*)\" Limit enter \"([^\"]*)\" otherwise left blank$")
public void if_Limit_enter_otherwise_left_blank(String arg1, String arg2) throws Throwable {
    // Write code here that turns the phrase above into concrete actions
    throw new PendingException();
}

@When("^Click on Buy Now button$")
public void click_on_Buy_Now_button() throws Throwable {
    // Write code here that turns the phrase above into concrete actions
    throw new PendingException();
}

@Then("^Click on Proceed button$")
public void click_on_Proceed_button() throws Throwable {
    // Write code here that turns the phrase above into concrete actions
    throw new PendingException();
}

@Then("^User click on Cash Sell tab button$")
public void user_click_on_Cash_Sell_tab_button() throws Throwable {
    // Write code here that turns the phrase above into concrete actions
    throw new PendingException();
}

@Then("^If \"([^\"]*)\" Limit enter \"([^\"]*)\" Otherwise left blank$")
public void if_Limit_enter_Otherwise_left_blank(String arg1, String arg2) throws Throwable {
    // Write code here that turns the phrase above into concrete actions
    throw new PendingException();
}

@When("^Click on Sell Now button$")
public void click_on_Sell_Now_button() throws Throwable {
    // Write code here that turns the phrase above into concrete actions
    throw new PendingException();
}

